# JRE version: OpenJDK Runtime Environment Temurin-21.0.8+9 (21.0.8+9) (build 21.0.8+9-LTS)
# Java VM: OpenJDK 64-Bit Server VM Temurin-21.0.8+9 (21.0.8+9-LTS, mixed mode, sharing, tiered, compressed oops, compressed class ptrs, g1 gc, windows-amd64)
GC Precious Log:
 CardTable entry size: 512
 Card Set container configuration: InlinePtr #cards 4 size 8 Array Of Cards #cards 16 size 48 Howl #buckets 8 coarsen threshold 3686 Howl Bitmap #cards 512 size 80 coarsen threshold 460 Card regions per heap region 1 cards per card region 4096
 CPUs: 4 total, 4 available
 Memory: 3997M
 Large Page Support: Disabled
 NUMA Support: Disabled
 Compressed Oops: Enabled (Zero based)
 Heap Region Size: 2M
 Heap Min Capacity: 512M
 Heap Initial Capacity: 512M
 Heap Max Capacity: 4G
 Pre-touch: Disabled
 Parallel Workers: 4
 Concurrent Workers: 1
 Concurrent Refinement Workers: 4
 Periodic GC: Disabled
Heap:
 garbage-first heap   total 524288K, used 75918K [0x0000000700000000, 0x0000000800000000)
  region size 2048K, 13 young (26624K), 13 survivors (26624K)
 Metaspace       used 22448K, committed 23424K, reserved 1114112K
  class space    used 1967K, committed 2368K, reserved 1048576K
GC Heap History (19 events):
Event: 3.150 GC heap before
{Heap before GC invocations=0 (full 0):
 garbage-first heap   total 524288K, used 24576K [0x0000000700000000, 0x0000000800000000)
  region size 2048K, 12 young (24576K), 0 survivors (0K)
 Metaspace       used 1748K, committed 1920K, reserved 1114112K
  class space    used 150K, committed 256K, reserved 1048576K
}
Event: 3.166 GC heap after
{Heap after GC invocations=1 (full 0):
 garbage-first heap   total 524288K, used 4184K [0x0000000700000000, 0x0000000800000000)
  region size 2048K, 2 young (4096K), 2 survivors (4096K)
 Metaspace       used 1748K, committed 1920K, reserved 1114112K
  class space    used 150K, committed 256K, reserved 1048576K
}
Event: 4.778 GC heap before
{Heap before GC invocations=1 (full 0):
 garbage-first heap   total 524288K, used 24664K [0x0000000700000000, 0x0000000800000000)
  region size 2048K, 13 young (26624K), 2 survivors (4096K)
 Metaspace       used 4570K, committed 4800K, reserved 1114112K
  class space    used 391K, committed 512K, reserved 1048576K
}
Event: 4.789 GC heap after
{Heap after GC invocations=2 (full 0):
 garbage-first heap   total 524288K, used 6065K [0x0000000700000000, 0x0000000800000000)
  region size 2048K, 2 young (4096K), 2 survivors (4096K)
 Metaspace       used 4570K, committed 4800K, reserved 1114112K
  class space    used 391K, committed 512K, reserved 1048576K
}
Event: 51.745 GC heap before
{Heap before GC invocations=2 (full 0):
 garbage-first heap   total 524288K, used 49073K [0x0000000700000000, 0x0000000800000000)
  region size 2048K, 23 young (47104K), 2 survivors (4096K)
 Metaspace       used 6073K, committed 6400K, reserved 1114112K
  class space    used 537K, committed 704K, reserved 1048576K
}
Event: 51.770 GC heap after
{Heap after GC invocations=3 (full 0):
 garbage-first heap   total 524288K, used 10561K [0x0000000700000000, 0x0000000800000000)
  region size 2048K, 3 young (6144K), 3 survivors (6144K)
 Metaspace       used 6073K, committed 6400K, reserved 1114112K
  class space    used 537K, committed 704K, reserved 1048576K
}
Event: 59.939 GC heap before
{Heap before GC invocations=3 (full 0):
 garbage-first heap   total 524288K, used 176449K [0x0000000700000000, 0x0000000800000000)
  region size 2048K, 85 young (174080K), 3 survivors (6144K)
 Metaspace       used 11969K, committed 12672K, reserved 1114112K
  class space    used 1052K, committed 1344K, reserved 1048576K
}
Event: 60.009 GC heap after
{Heap after GC invocations=4 (full 0):
 garbage-first heap   total 524288K, used 18091K [0x0000000700000000, 0x0000000800000000)
  region size 2048K, 7 young (14336K), 7 survivors (14336K)
 Metaspace       used 11969K, committed 12672K, reserved 1114112K
  class space    used 1052K, committed 1344K, reserved 1048576K
}
Event: 64.961 GC heap before
{Heap before GC invocations=4 (full 0):
 garbage-first heap   total 524288K, used 163499K [0x0000000700000000, 0x0000000800000000)
  region size 2048K, 78 young (159744K), 7 survivors (14336K)
 Metaspace       used 14643K, committed 15424K, reserved 1114112K
  class space    used 1258K, committed 1536K, reserved 1048576K
}
Event: 65.017 GC heap after
{Heap after GC invocations=5 (full 0):
 garbage-first heap   total 524288K, used 27490K [0x0000000700000000, 0x0000000800000000)
  region size 2048K, 10 young (20480K), 10 survivors (20480K)
 Metaspace       used 14643K, committed 15424K, reserved 1114112K
  class space    used 1258K, committed 1536K, reserved 1048576K
}
Event: 66.674 GC heap before
{Heap before GC invocations=5 (full 0):
 garbage-first heap   total 524288K, used 121698K [0x0000000700000000, 0x0000000800000000)
  region size 2048K, 56 young (114688K), 10 survivors (20480K)
 Metaspace       used 15966K, committed 16832K, reserved 1114112K
  class space    used 1430K, committed 1728K, reserved 1048576K
}
Event: 66.794 GC heap after
{Heap after GC invocations=6 (full 0):
 garbage-first heap   total 524288K, used 33967K [0x0000000700000000, 0x0000000800000000)
  region size 2048K, 5 young (10240K), 5 survivors (10240K)
 Metaspace       used 15966K, committed 16832K, reserved 1114112K
  class space    used 1430K, committed 1728K, reserved 1048576K
}
Event: 79.609 GC heap before
{Heap before GC invocations=6 (full 0):
 garbage-first heap   total 524288K, used 275631K [0x0000000700000000, 0x0000000800000000)
  region size 2048K, 124 young (253952K), 5 survivors (10240K)
 Metaspace       used 19402K, committed 20288K, reserved 1114112K
  class space    used 1744K, committed 2112K, reserved 1048576K
}
Event: 79.954 GC heap after
{Heap after GC invocations=7 (full 0):
 garbage-first heap   total 524288K, used 52336K [0x0000000700000000, 0x0000000800000000)
  region size 2048K, 14 young (28672K), 14 survivors (28672K)
 Metaspace       used 19402K, committed 20288K, reserved 1114112K
  class space    used 1744K, committed 2112K, reserved 1048576K
}
Event: 80.024 GC heap before
{Heap before GC invocations=7 (full 0):
 garbage-first heap   total 524288K, used 56432K [0x0000000700000000, 0x0000000800000000)
  region size 2048K, 16 young (32768K), 14 survivors (28672K)
 Metaspace       used 19404K, committed 20288K, reserved 1114112K
  class space    used 1744K, committed 2112K, reserved 1048576K
}
Event: 80.304 GC heap after
{Heap after GC invocations=8 (full 0):
 garbage-first heap   total 524288K, used 53215K [0x0000000700000000, 0x0000000800000000)
  region size 2048K, 2 young (4096K), 2 survivors (4096K)
 Metaspace       used 19404K, committed 20288K, reserved 1114112K
  class space    used 1744K, committed 2112K, reserved 1048576K
}
Event: 82.265 GC heap before
{Heap before GC invocations=8 (full 0):
 garbage-first heap   total 524288K, used 67551K [0x0000000700000000, 0x0000000800000000)
  region size 2048K, 11 young (22528K), 2 survivors (4096K)
 Metaspace       used 20752K, committed 21504K, reserved 1114112K
  class space    used 1861K, committed 2176K, reserved 1048576K
}
Event: 82.277 GC heap after
{Heap after GC invocations=9 (full 0):
 garbage-first heap   total 524288K, used 52307K [0x0000000700000000, 0x0000000800000000)
  region size 2048K, 1 young (2048K), 1 survivors (2048K)
 Metaspace       used 20752K, committed 21504K, reserved 1114112K
  class space    used 1861K, committed 2176K, reserved 1048576K
}
Event: 88.825 GC heap before
{Heap before GC invocations=10 (full 0):
 garbage-first heap   total 524288K, used 322643K [0x0000000700000000, 0x0000000800000000)
  region size 2048K, 134 young (274432K), 1 survivors (2048K)
 Metaspace       used 22448K, committed 23424K, reserved 1114112K
  class space    used 1967K, committed 2368K, reserved 1048576K
}

