# JRE version: OpenJDK Runtime Environment Temurin-21.0.8+9 (21.0.8+9) (build 21.0.8+9-LTS)
# Java VM: OpenJDK 64-Bit Server VM Temurin-21.0.8+9 (21.0.8+9-LTS, mixed mode, sharing, tiered, compressed oops, compressed class ptrs, g1 gc, windows-amd64)
GC Precious Log:
 CardTable entry size: 512
 Card Set container configuration: InlinePtr #cards 4 size 8 Array Of Cards #cards 16 size 48 Howl #buckets 8 coarsen threshold 3686 Howl Bitmap #cards 512 size 80 coarsen threshold 460 Card regions per heap region 1 cards per card region 4096
 CPUs: 4 total, 4 available
 Memory: 3997M
 Large Page Support: Disabled
 NUMA Support: Disabled
 Compressed Oops: Enabled (Zero based)
 Heap Region Size: 2M
 Heap Min Capacity: 512M
 Heap Initial Capacity: 512M
 Heap Max Capacity: 4G
 Pre-touch: Disabled
 Parallel Workers: 4
 Concurrent Workers: 1
 Concurrent Refinement Workers: 4
 Periodic GC: Disabled
Heap:
 garbage-first heap   total 1175552K, used 221837K [0x0000000700000000, 0x0000000800000000)
  region size 2048K, 4 young (8192K), 4 survivors (8192K)
 Metaspace       used 37754K, committed 38912K, reserved 1114112K
  class space    used 3286K, committed 3776K, reserved 1048576K
GC Heap History (20 events):
Event: 9137.085 GC heap after
{Heap after GC invocations=38 (full 0):
 garbage-first heap   total 972800K, used 361976K [0x0000000700000000, 0x0000000800000000)
  region size 2048K, 5 young (10240K), 5 survivors (10240K)
 Metaspace       used 31974K, committed 33280K, reserved 1114112K
  class space    used 2586K, committed 3136K, reserved 1048576K
}
Event: 9139.971 GC heap before
{Heap before GC invocations=38 (full 0):
 garbage-first heap   total 972800K, used 484856K [0x0000000700000000, 0x0000000800000000)
  region size 2048K, 67 young (137216K), 5 survivors (10240K)
 Metaspace       used 32058K, committed 33344K, reserved 1114112K
  class space    used 2591K, committed 3136K, reserved 1048576K
}
Event: 9140.018 GC heap after
{Heap after GC invocations=39 (full 0):
 garbage-first heap   total 972800K, used 363651K [0x0000000700000000, 0x0000000800000000)
  region size 2048K, 6 young (12288K), 6 survivors (12288K)
 Metaspace       used 32058K, committed 33344K, reserved 1114112K
  class space    used 2591K, committed 3136K, reserved 1048576K
}
Event: 9162.319 GC heap before
{Heap before GC invocations=40 (full 0):
 garbage-first heap   total 972800K, used 437379K [0x0000000700000000, 0x0000000800000000)
  region size 2048K, 52 young (106496K), 6 survivors (12288K)
 Metaspace       used 31700K, committed 33344K, reserved 1114112K
  class space    used 2492K, committed 3136K, reserved 1048576K
}
Event: 9162.493 GC heap after
{Heap after GC invocations=41 (full 0):
 garbage-first heap   total 972800K, used 344599K [0x0000000700000000, 0x0000000800000000)
  region size 2048K, 4 young (8192K), 4 survivors (8192K)
 Metaspace       used 31700K, committed 33344K, reserved 1114112K
  class space    used 2492K, committed 3136K, reserved 1048576K
}
Event: 9171.965 GC heap before
{Heap before GC invocations=41 (full 0):
 garbage-first heap   total 972800K, used 631319K [0x0000000700000000, 0x0000000800000000)
  region size 2048K, 143 young (292864K), 4 survivors (8192K)
 Metaspace       used 31729K, committed 33344K, reserved 1114112K
  class space    used 2494K, committed 3136K, reserved 1048576K
}
Event: 9173.106 GC heap after
{Heap after GC invocations=42 (full 0):
 garbage-first heap   total 1175552K, used 339846K [0x0000000700000000, 0x0000000800000000)
  region size 2048K, 11 young (22528K), 11 survivors (22528K)
 Metaspace       used 31729K, committed 33344K, reserved 1114112K
  class space    used 2494K, committed 3136K, reserved 1048576K
}
Event: 9174.101 GC heap before
{Heap before GC invocations=42 (full 0):
 garbage-first heap   total 1175552K, used 374662K [0x0000000700000000, 0x0000000800000000)
  region size 2048K, 28 young (57344K), 11 survivors (22528K)
 Metaspace       used 31729K, committed 33344K, reserved 1114112K
  class space    used 2494K, committed 3136K, reserved 1048576K
}
Event: 9174.829 GC heap after
{Heap after GC invocations=43 (full 0):
 garbage-first heap   total 1175552K, used 317124K [0x0000000700000000, 0x0000000800000000)
  region size 2048K, 2 young (4096K), 2 survivors (4096K)
 Metaspace       used 31729K, committed 33344K, reserved 1114112K
  class space    used 2494K, committed 3136K, reserved 1048576K
}
Event: 9176.512 GC heap before
{Heap before GC invocations=43 (full 0):
 garbage-first heap   total 1175552K, used 368324K [0x0000000700000000, 0x0000000800000000)
  region size 2048K, 28 young (57344K), 2 survivors (4096K)
 Metaspace       used 31729K, committed 33344K, reserved 1114112K
  class space    used 2494K, committed 3136K, reserved 1048576K
}
Event: 9176.603 GC heap after
{Heap after GC invocations=44 (full 0):
 garbage-first heap   total 1175552K, used 293623K [0x0000000700000000, 0x0000000800000000)
  region size 2048K, 1 young (2048K), 1 survivors (2048K)
 Metaspace       used 31729K, committed 33344K, reserved 1114112K
  class space    used 2494K, committed 3136K, reserved 1048576K
}
Event: 9180.761 GC heap before
{Heap before GC invocations=44 (full 0):
 garbage-first heap   total 1175552K, used 346871K [0x0000000700000000, 0x0000000800000000)
  region size 2048K, 28 young (57344K), 1 survivors (2048K)
 Metaspace       used 31745K, committed 33344K, reserved 1114112K
  class space    used 2494K, committed 3136K, reserved 1048576K
}
Event: 9180.851 GC heap after
{Heap after GC invocations=45 (full 0):
 garbage-first heap   total 1175552K, used 270814K [0x0000000700000000, 0x0000000800000000)
  region size 2048K, 1 young (2048K), 1 survivors (2048K)
 Metaspace       used 31745K, committed 33344K, reserved 1114112K
  class space    used 2494K, committed 3136K, reserved 1048576K
}
Event: 9184.903 GC heap before
{Heap before GC invocations=45 (full 0):
 garbage-first heap   total 1175552K, used 324062K [0x0000000700000000, 0x0000000800000000)
  region size 2048K, 28 young (57344K), 1 survivors (2048K)
 Metaspace       used 31859K, committed 33408K, reserved 1114112K
  class space    used 2499K, committed 3136K, reserved 1048576K
}
Event: 9185.043 GC heap after
{Heap after GC invocations=46 (full 0):
 garbage-first heap   total 1175552K, used 254428K [0x0000000700000000, 0x0000000800000000)
  region size 2048K, 4 young (8192K), 4 survivors (8192K)
 Metaspace       used 31859K, committed 33408K, reserved 1114112K
  class space    used 2499K, committed 3136K, reserved 1048576K
}
Event: 9191.426 GC heap before
{Heap before GC invocations=46 (full 0):
 garbage-first heap   total 1175552K, used 301532K [0x0000000700000000, 0x0000000800000000)
  region size 2048K, 28 young (57344K), 4 survivors (8192K)
 Metaspace       used 36614K, committed 37696K, reserved 1114112K
  class space    used 3219K, committed 3712K, reserved 1048576K
}
Event: 9191.522 GC heap after
{Heap after GC invocations=47 (full 0):
 garbage-first heap   total 1175552K, used 235251K [0x0000000700000000, 0x0000000800000000)
  region size 2048K, 2 young (4096K), 2 survivors (4096K)
 Metaspace       used 36614K, committed 37696K, reserved 1114112K
  class space    used 3219K, committed 3712K, reserved 1048576K
}
Event: 9193.418 GC heap before
{Heap before GC invocations=47 (full 0):
 garbage-first heap   total 1175552K, used 286451K [0x0000000700000000, 0x0000000800000000)
  region size 2048K, 28 young (57344K), 2 survivors (4096K)
 Metaspace       used 37286K, committed 38400K, reserved 1114112K
  class space    used 3244K, committed 3712K, reserved 1048576K
}
Event: 9193.515 GC heap after
{Heap after GC invocations=48 (full 0):
 garbage-first heap   total 1175552K, used 224527K [0x0000000700000000, 0x0000000800000000)
  region size 2048K, 4 young (8192K), 4 survivors (8192K)
 Metaspace       used 37286K, committed 38400K, reserved 1114112K
  class space    used 3244K, committed 3712K, reserved 1048576K
}
Event: 9195.589 GC heap before
{Heap before GC invocations=48 (full 0):
 garbage-first heap   total 1175552K, used 275727K [0x0000000700000000, 0x0000000800000000)
  region size 2048K, 28 young (57344K), 4 survivors (8192K)
 Metaspace       used 37754K, committed 38912K, reserved 1114112K
  class space    used 3286K, committed 3776K, reserved 1048576K
}

