# JRE version: OpenJDK Runtime Environment Temurin-21.0.8+9 (21.0.8+9) (build 21.0.8+9-LTS)
# Java VM: OpenJDK 64-Bit Server VM Temurin-21.0.8+9 (21.0.8+9-LTS, mixed mode, sharing, tiered, compressed oops, compressed class ptrs, g1 gc, windows-amd64)
GC Precious Log:
 CardTable entry size: 512
 Card Set container configuration: InlinePtr #cards 4 size 8 Array Of Cards #cards 16 size 48 Howl #buckets 8 coarsen threshold 3686 Howl Bitmap #cards 512 size 80 coarsen threshold 460 Card regions per heap region 1 cards per card region 4096
 CPUs: 4 total, 4 available
 Memory: 3997M
 Large Page Support: Disabled
 NUMA Support: Disabled
 Compressed Oops: Enabled (Zero based)
 Heap Region Size: 2M
 Heap Min Capacity: 512M
 Heap Initial Capacity: 512M
 Heap Max Capacity: 4G
 Pre-touch: Disabled
 Parallel Workers: 4
 Concurrent Workers: 1
 Concurrent Refinement Workers: 4
 Periodic GC: Disabled
Heap:
 garbage-first heap   total 630784K, used 209137K [0x0000000700000000, 0x0000000800000000)
  region size 2048K, 6 young (12288K), 6 survivors (12288K)
 Metaspace       used 34882K, committed 36352K, reserved 1114112K
  class space    used 2872K, committed 3520K, reserved 1048576K
GC Heap History (20 events):
Event: 3107.997 GC heap after
{Heap after GC invocations=37 (full 0):
 garbage-first heap   total 524288K, used 170771K [0x0000000700000000, 0x0000000800000000)
  region size 2048K, 6 young (12288K), 6 survivors (12288K)
 Metaspace       used 33456K, committed 34880K, reserved 1114112K
  class space    used 2780K, committed 3392K, reserved 1048576K
}
Event: 3255.743 GC heap before
{Heap before GC invocations=37 (full 0):
 garbage-first heap   total 524288K, used 320275K [0x0000000700000000, 0x0000000800000000)
  region size 2048K, 80 young (163840K), 6 survivors (12288K)
 Metaspace       used 33796K, committed 35200K, reserved 1114112K
  class space    used 2829K, committed 3456K, reserved 1048576K
}
Event: 3255.934 GC heap after
{Heap after GC invocations=38 (full 0):
 garbage-first heap   total 524288K, used 178422K [0x0000000700000000, 0x0000000800000000)
  region size 2048K, 9 young (18432K), 9 survivors (18432K)
 Metaspace       used 33796K, committed 35200K, reserved 1114112K
  class space    used 2829K, committed 3456K, reserved 1048576K
}
Event: 3257.923 GC heap before
{Heap before GC invocations=38 (full 0):
 garbage-first heap   total 524288K, used 184566K [0x0000000700000000, 0x0000000800000000)
  region size 2048K, 12 young (24576K), 9 survivors (18432K)
 Metaspace       used 33799K, committed 35200K, reserved 1114112K
  class space    used 2829K, committed 3456K, reserved 1048576K
}
Event: 3257.976 GC heap after
{Heap after GC invocations=39 (full 0):
 garbage-first heap   total 524288K, used 180813K [0x0000000700000000, 0x0000000800000000)
  region size 2048K, 2 young (4096K), 2 survivors (4096K)
 Metaspace       used 33799K, committed 35200K, reserved 1114112K
  class space    used 2829K, committed 3456K, reserved 1048576K
}
Event: 3307.864 GC heap before
{Heap before GC invocations=39 (full 0):
 garbage-first heap   total 524288K, used 485965K [0x0000000700000000, 0x0000000800000000)
  region size 2048K, 152 young (311296K), 2 survivors (4096K)
 Metaspace       used 34286K, committed 35776K, reserved 1114112K
  class space    used 2848K, committed 3520K, reserved 1048576K
}
Event: 3308.056 GC heap after
{Heap after GC invocations=40 (full 0):
 garbage-first heap   total 524288K, used 198522K [0x0000000700000000, 0x0000000800000000)
  region size 2048K, 10 young (20480K), 10 survivors (20480K)
 Metaspace       used 34286K, committed 35776K, reserved 1114112K
  class space    used 2848K, committed 3520K, reserved 1048576K
}
Event: 3310.428 GC heap before
{Heap before GC invocations=40 (full 0):
 garbage-first heap   total 524288K, used 255866K [0x0000000700000000, 0x0000000800000000)
  region size 2048K, 38 young (77824K), 10 survivors (20480K)
 Metaspace       used 34327K, committed 35776K, reserved 1114112K
  class space    used 2849K, committed 3520K, reserved 1048576K
}
Event: 3310.513 GC heap after
{Heap after GC invocations=41 (full 0):
 garbage-first heap   total 524288K, used 201871K [0x0000000700000000, 0x0000000800000000)
  region size 2048K, 2 young (4096K), 2 survivors (4096K)
 Metaspace       used 34327K, committed 35776K, reserved 1114112K
  class space    used 2849K, committed 3520K, reserved 1048576K
}
Event: 3327.290 GC heap before
{Heap before GC invocations=41 (full 0):
 garbage-first heap   total 524288K, used 504975K [0x0000000700000000, 0x0000000800000000)
  region size 2048K, 136 young (278528K), 2 survivors (4096K)
 Metaspace       used 34687K, committed 36160K, reserved 1114112K
  class space    used 2868K, committed 3520K, reserved 1048576K
}
Event: 3327.405 GC heap after
{Heap after GC invocations=42 (full 0):
 garbage-first heap   total 524288K, used 207680K [0x0000000700000000, 0x0000000800000000)
  region size 2048K, 5 young (10240K), 5 survivors (10240K)
 Metaspace       used 34687K, committed 36160K, reserved 1114112K
  class space    used 2868K, committed 3520K, reserved 1048576K
}
Event: 3327.429 GC heap before
{Heap before GC invocations=42 (full 0):
 garbage-first heap   total 524288K, used 240448K [0x0000000700000000, 0x0000000800000000)
  region size 2048K, 6 young (12288K), 5 survivors (10240K)
 Metaspace       used 34687K, committed 36160K, reserved 1114112K
  class space    used 2868K, committed 3520K, reserved 1048576K
}
Event: 3327.443 GC heap after
{Heap after GC invocations=43 (full 0):
 garbage-first heap   total 524288K, used 208351K [0x0000000700000000, 0x0000000800000000)
  region size 2048K, 5 young (10240K), 5 survivors (10240K)
 Metaspace       used 34687K, committed 36160K, reserved 1114112K
  class space    used 2868K, committed 3520K, reserved 1048576K
}
Event: 3393.385 GC heap before
{Heap before GC invocations=43 (full 0):
 garbage-first heap   total 524288K, used 515551K [0x0000000700000000, 0x0000000800000000)
  region size 2048K, 139 young (284672K), 5 survivors (10240K)
 Metaspace       used 34822K, committed 36288K, reserved 1114112K
  class space    used 2869K, committed 3520K, reserved 1048576K
}
Event: 3393.521 GC heap after
{Heap after GC invocations=44 (full 0):
 garbage-first heap   total 524288K, used 206122K [0x0000000700000000, 0x0000000800000000)
  region size 2048K, 4 young (8192K), 4 survivors (8192K)
 Metaspace       used 34822K, committed 36288K, reserved 1114112K
  class space    used 2869K, committed 3520K, reserved 1048576K
}
Event: 3395.641 GC heap before
{Heap before GC invocations=44 (full 0):
 garbage-first heap   total 524288K, used 292138K [0x0000000700000000, 0x0000000800000000)
  region size 2048K, 31 young (63488K), 4 survivors (8192K)
 Metaspace       used 34859K, committed 36352K, reserved 1114112K
  class space    used 2870K, committed 3520K, reserved 1048576K
}
Event: 3395.736 GC heap after
{Heap after GC invocations=45 (full 0):
 garbage-first heap   total 524288K, used 204757K [0x0000000700000000, 0x0000000800000000)
  region size 2048K, 4 young (8192K), 4 survivors (8192K)
 Metaspace       used 34859K, committed 36352K, reserved 1114112K
  class space    used 2870K, committed 3520K, reserved 1048576K
}
Event: 3395.758 GC heap before
{Heap before GC invocations=45 (full 0):
 garbage-first heap   total 524288K, used 237525K [0x0000000700000000, 0x0000000800000000)
  region size 2048K, 5 young (10240K), 4 survivors (8192K)
 Metaspace       used 34859K, committed 36352K, reserved 1114112K
  class space    used 2870K, committed 3520K, reserved 1048576K
}
Event: 3395.793 GC heap after
{Heap after GC invocations=46 (full 0):
 garbage-first heap   total 524288K, used 204743K [0x0000000700000000, 0x0000000800000000)
  region size 2048K, 4 young (8192K), 4 survivors (8192K)
 Metaspace       used 34859K, committed 36352K, reserved 1114112K
  class space    used 2870K, committed 3520K, reserved 1048576K
}
Event: 3544.072 GC heap before
{Heap before GC invocations=46 (full 0):
 garbage-first heap   total 524288K, used 313287K [0x0000000700000000, 0x0000000800000000)
  region size 2048K, 43 young (88064K), 4 survivors (8192K)
 Metaspace       used 34882K, committed 36352K, reserved 1114112K
  class space    used 2872K, committed 3520K, reserved 1048576K
}

